2022-06-06 21:37:31,017 - ERROR - basePage.py[51]:None元素定位不到
2022-06-06 21:37:31,018 - ERROR - basePage.py[52]:Traceback (most recent call last):
  File "/Users/shenyuming/PycharmProjects/autotest_UI/common/basePage.py", line 45, in get_element
    return WebDriverWait(self.driver,ENV.WEB_DRIVER_WAIT_TIMEOUT,ENV.POLL_FREQUENCY_TIME).until(EC.visibility_of_element_located(locator))
  File "/usr/local/lib/python3.7/site-packages/selenium/webdriver/support/wait.py", line 89, in until
    raise TimeoutException(message, screen, stacktrace)
selenium.common.exceptions.TimeoutException: Message: 
Stacktrace:
0   chromedriver                        0x0000000104777da4 chromedriver + 2538916
1   chromedriver                        0x0000000104d0d928 chromedriver + 8395048
2   chromedriver                        0x0000000104534e60 chromedriver + 167520
3   chromedriver                        0x0000000104563b48 chromedriver + 359240
4   chromedriver                        0x000000010458c740 chromedriver + 526144
5   chromedriver                        0x0000000104559158 chromedriver + 315736
6   chromedriver                        0x0000000104744cb0 chromedriver + 2329776
7   chromedriver                        0x0000000104755030 chromedriver + 2396208
8   chromedriver                        0x000000010472bf64 chromedriver + 2228068
9   chromedriver                        0x0000000104755fc4 chromedriver + 2400196
10  chromedriver                        0x000000010473bc5c chromedriver + 2292828
11  chromedriver                        0x000000010476c7d8 chromedriver + 2492376
12  chromedriver                        0x000000010476c94c chromedriver + 2492748
13  chromedriver                        0x000000010477c768 chromedriver + 2557800
14  libsystem_pthread.dylib             0x000000019511a06c _pthread_start + 320
15  libsystem_pthread.dylib             0x0000000195114da0 thread_start + 8


