2022-06-06 13:52:02,262 - ERROR - basePage.py[48]:None元素定位不到
2022-06-06 13:52:02,264 - ERROR - basePage.py[49]:Traceback (most recent call last):
  File "/Users/shenyuming/PycharmProjects/autotest_UI/common/basePage.py", line 43, in get_element
    return self.driver.find_element(*locator)
  File "/usr/local/lib/python3.7/site-packages/selenium/webdriver/remote/webdriver.py", line 1240, in find_element
    'value': value})['value']
  File "/usr/local/lib/python3.7/site-packages/selenium/webdriver/remote/webdriver.py", line 418, in execute
    self.error_handler.check_response(response)
  File "/usr/local/lib/python3.7/site-packages/selenium/webdriver/remote/errorhandler.py", line 243, in check_response
    raise exception_class(message, screen, stacktrace)
selenium.common.exceptions.NoSuchElementException: Message: no such element: Unable to locate element: {"method":"css selector","selector":".no-redirect"}
  (Session info: chrome=92.0.4515.107)
Stacktrace:
0   chromedriver                        0x0000000102e7bda4 chromedriver + 2538916
1   chromedriver                        0x0000000103411928 chromedriver + 8395048
2   chromedriver                        0x0000000102c38e60 chromedriver + 167520
3   chromedriver                        0x0000000102c67b48 chromedriver + 359240
4   chromedriver                        0x0000000102c90740 chromedriver + 526144
5   chromedriver                        0x0000000102c5d158 chromedriver + 315736
6   chromedriver                        0x0000000102e48cb0 chromedriver + 2329776
7   chromedriver                        0x0000000102e59030 chromedriver + 2396208
8   chromedriver                        0x0000000102e2ff64 chromedriver + 2228068
9   chromedriver                        0x0000000102e59fc4 chromedriver + 2400196
10  chromedriver                        0x0000000102e3fc5c chromedriver + 2292828
11  chromedriver                        0x0000000102e707d8 chromedriver + 2492376
12  chromedriver                        0x0000000102e7094c chromedriver + 2492748
13  chromedriver                        0x0000000102e80768 chromedriver + 2557800
14  libsystem_pthread.dylib             0x000000019511a06c _pthread_start + 320
15  libsystem_pthread.dylib             0x0000000195114da0 thread_start + 8


2022-06-06 13:52:07,997 - ERROR - basePage.py[48]:用户名元素定位不到
2022-06-06 13:52:07,997 - ERROR - basePage.py[49]:Traceback (most recent call last):
  File "/Users/shenyuming/PycharmProjects/autotest_UI/common/basePage.py", line 43, in get_element
    return self.driver.find_element(*locator)
  File "/usr/local/lib/python3.7/site-packages/selenium/webdriver/remote/webdriver.py", line 1240, in find_element
    'value': value})['value']
  File "/usr/local/lib/python3.7/site-packages/selenium/webdriver/remote/webdriver.py", line 418, in execute
    self.error_handler.check_response(response)
  File "/usr/local/lib/python3.7/site-packages/selenium/webdriver/remote/errorhandler.py", line 243, in check_response
    raise exception_class(message, screen, stacktrace)
selenium.common.exceptions.NoSuchElementException: Message: no such element: Unable to locate element: {"method":"css selector","selector":"[id="username"]"}
  (Session info: chrome=92.0.4515.107)
Stacktrace:
0   chromedriver                        0x0000000102e7bda4 chromedriver + 2538916
1   chromedriver                        0x0000000103411928 chromedriver + 8395048
2   chromedriver                        0x0000000102c38e60 chromedriver + 167520
3   chromedriver                        0x0000000102c67b48 chromedriver + 359240
4   chromedriver                        0x0000000102c90740 chromedriver + 526144
5   chromedriver                        0x0000000102c5d158 chromedriver + 315736
6   chromedriver                        0x0000000102e48cb0 chromedriver + 2329776
7   chromedriver                        0x0000000102e59030 chromedriver + 2396208
8   chromedriver                        0x0000000102e2ff64 chromedriver + 2228068
9   chromedriver                        0x0000000102e59fc4 chromedriver + 2400196
10  chromedriver                        0x0000000102e3fc5c chromedriver + 2292828
11  chromedriver                        0x0000000102e707d8 chromedriver + 2492376
12  chromedriver                        0x0000000102e7094c chromedriver + 2492748
13  chromedriver                        0x0000000102e80768 chromedriver + 2557800
14  libsystem_pthread.dylib             0x000000019511a06c _pthread_start + 320
15  libsystem_pthread.dylib             0x0000000195114da0 thread_start + 8


