2022-06-06 15:22:46,023 - ERROR - basePage.py[51]:None元素定位不到
2022-06-06 15:22:46,024 - ERROR - basePage.py[52]:Traceback (most recent call last):
  File "/Users/shenyuming/PycharmProjects/autotest_UI/common/basePage.py", line 45, in get_element
    return WebDriverWait(self.driver,10,0.5).until(EC.visibility_of_element_located(locator))
  File "/usr/local/lib/python3.7/site-packages/selenium/webdriver/support/wait.py", line 89, in until
    raise TimeoutException(message, screen, stacktrace)
selenium.common.exceptions.TimeoutException: Message: 
Stacktrace:
0   chromedriver                        0x0000000104e9fda4 chromedriver + 2538916
1   chromedriver                        0x0000000105435928 chromedriver + 8395048
2   chromedriver                        0x0000000104c5ce60 chromedriver + 167520
3   chromedriver                        0x0000000104c8bb48 chromedriver + 359240
4   chromedriver                        0x0000000104cb4740 chromedriver + 526144
5   chromedriver                        0x0000000104c81158 chromedriver + 315736
6   chromedriver                        0x0000000104e6ccb0 chromedriver + 2329776
7   chromedriver                        0x0000000104e7d030 chromedriver + 2396208
8   chromedriver                        0x0000000104e53f64 chromedriver + 2228068
9   chromedriver                        0x0000000104e7dfc4 chromedriver + 2400196
10  chromedriver                        0x0000000104e63c5c chromedriver + 2292828
11  chromedriver                        0x0000000104e947d8 chromedriver + 2492376
12  chromedriver                        0x0000000104e9494c chromedriver + 2492748
13  chromedriver                        0x0000000104ea4768 chromedriver + 2557800
14  libsystem_pthread.dylib             0x000000019511a06c _pthread_start + 320
15  libsystem_pthread.dylib             0x0000000195114da0 thread_start + 8


